<?xml version="1.0" encoding="UTF-8"?>
<testsuite name="com.persons.finder.DemoApplicationTests" tests="1" skipped="0" failures="0" errors="0" timestamp="2023-11-11T04:33:59" hostname="Roamui-MacBookPro.local" time="0.069">
  <properties/>
  <testcase name="contextLoads()" classname="com.persons.finder.DemoApplicationTests" time="0.069"/>
  <system-out><![CDATA[17:33:56.225 [Test worker] DEBUG org.springframework.test.context.BootstrapUtils - Instantiating CacheAwareContextLoaderDelegate from class [org.springframework.test.context.cache.DefaultCacheAwareContextLoaderDelegate]
17:33:56.234 [Test worker] DEBUG org.springframework.test.context.BootstrapUtils - Instantiating BootstrapContext using constructor [public org.springframework.test.context.support.DefaultBootstrapContext(java.lang.Class,org.springframework.test.context.CacheAwareContextLoaderDelegate)]
17:33:56.258 [Test worker] DEBUG org.springframework.test.context.BootstrapUtils - Instantiating TestContextBootstrapper for test class [com.persons.finder.DemoApplicationTests] from class [org.springframework.boot.test.context.SpringBootTestContextBootstrapper]
17:33:56.267 [Test worker] INFO org.springframework.boot.test.context.SpringBootTestContextBootstrapper - Neither @ContextConfiguration nor @ContextHierarchy found for test class [com.persons.finder.DemoApplicationTests], using SpringBootContextLoader
17:33:56.270 [Test worker] DEBUG org.springframework.test.context.support.AbstractContextLoader - Did not detect default resource location for test class [com.persons.finder.DemoApplicationTests]: class path resource [com/persons/finder/DemoApplicationTests-context.xml] does not exist
17:33:56.270 [Test worker] DEBUG org.springframework.test.context.support.AbstractContextLoader - Did not detect default resource location for test class [com.persons.finder.DemoApplicationTests]: class path resource [com/persons/finder/DemoApplicationTestsContext.groovy] does not exist
17:33:56.270 [Test worker] INFO org.springframework.test.context.support.AbstractContextLoader - Could not detect default resource locations for test class [com.persons.finder.DemoApplicationTests]: no resource found for suffixes {-context.xml, Context.groovy}.
17:33:56.271 [Test worker] INFO org.springframework.test.context.support.AnnotationConfigContextLoaderUtils - Could not detect default configuration classes for test class [com.persons.finder.DemoApplicationTests]: DemoApplicationTests does not declare any static, non-private, non-final, nested classes annotated with @Configuration.
17:33:56.299 [Test worker] DEBUG org.springframework.test.context.support.ActiveProfilesUtils - Could not find an 'annotation declaring class' for annotation type [org.springframework.test.context.ActiveProfiles] and class [com.persons.finder.DemoApplicationTests]
17:33:56.340 [Test worker] DEBUG org.springframework.context.annotation.ClassPathScanningCandidateComponentProvider - Identified candidate component class: file [/Users/roamuser/code/squareone-persons-finder/build/classes/kotlin/main/com/persons/finder/ApplicationStarter.class]
17:33:56.356 [Test worker] INFO org.springframework.boot.test.context.SpringBootTestContextBootstrapper - Found @SpringBootConfiguration com.persons.finder.ApplicationStarter for test class com.persons.finder.DemoApplicationTests
17:33:56.415 [Test worker] DEBUG org.springframework.boot.test.context.SpringBootTestContextBootstrapper - @TestExecutionListeners is not present for class [com.persons.finder.DemoApplicationTests]: using defaults.
17:33:56.415 [Test worker] INFO org.springframework.boot.test.context.SpringBootTestContextBootstrapper - Loaded default TestExecutionListener class names from location [META-INF/spring.factories]: [org.springframework.boot.test.autoconfigure.restdocs.RestDocsTestExecutionListener, org.springframework.boot.test.autoconfigure.web.client.MockRestServiceServerResetTestExecutionListener, org.springframework.boot.test.autoconfigure.web.servlet.MockMvcPrintOnlyOnFailureTestExecutionListener, org.springframework.boot.test.autoconfigure.web.servlet.WebDriverTestExecutionListener, org.springframework.boot.test.autoconfigure.webservices.client.MockWebServiceServerTestExecutionListener, org.springframework.boot.test.mock.mockito.MockitoTestExecutionListener, org.springframework.boot.test.mock.mockito.ResetMocksTestExecutionListener, org.springframework.test.context.web.ServletTestExecutionListener, org.springframework.test.context.support.DirtiesContextBeforeModesTestExecutionListener, org.springframework.test.context.event.ApplicationEventsTestExecutionListener, org.springframework.test.context.support.DependencyInjectionTestExecutionListener, org.springframework.test.context.support.DirtiesContextTestExecutionListener, org.springframework.test.context.transaction.TransactionalTestExecutionListener, org.springframework.test.context.jdbc.SqlScriptsTestExecutionListener, org.springframework.test.context.event.EventPublishingTestExecutionListener]
17:33:56.427 [Test worker] INFO org.springframework.boot.test.context.SpringBootTestContextBootstrapper - Using TestExecutionListeners: [org.springframework.test.context.web.ServletTestExecutionListener@56c9bbd8, org.springframework.test.context.support.DirtiesContextBeforeModesTestExecutionListener@630cb4a4, org.springframework.test.context.event.ApplicationEventsTestExecutionListener@636e8cc, org.springframework.boot.test.mock.mockito.MockitoTestExecutionListener@f79a760, org.springframework.boot.test.autoconfigure.SpringBootDependencyInjectionTestExecutionListener@14f5da2c, org.springframework.test.context.support.DirtiesContextTestExecutionListener@12dae582, org.springframework.test.context.transaction.TransactionalTestExecutionListener@239b0f9d, org.springframework.test.context.jdbc.SqlScriptsTestExecutionListener@619bfe29, org.springframework.test.context.event.EventPublishingTestExecutionListener@5b057c8c, org.springframework.boot.test.autoconfigure.restdocs.RestDocsTestExecutionListener@1eb6749b, org.springframework.boot.test.autoconfigure.web.client.MockRestServiceServerResetTestExecutionListener@652a7737, org.springframework.boot.test.autoconfigure.web.servlet.MockMvcPrintOnlyOnFailureTestExecutionListener@5b7ea70d, org.springframework.boot.test.autoconfigure.web.servlet.WebDriverTestExecutionListener@2bef51f2, org.springframework.boot.test.autoconfigure.webservices.client.MockWebServiceServerTestExecutionListener@650eab8, org.springframework.boot.test.mock.mockito.ResetMocksTestExecutionListener@30f5a68a]
17:33:56.430 [Test worker] DEBUG org.springframework.test.context.support.AbstractDirtiesContextTestExecutionListener - Before test class: context [DefaultTestContext@5b04476e testClass = DemoApplicationTests, testInstance = [null], testMethod = [null], testException = [null], mergedContextConfiguration = [WebMergedContextConfiguration@5ad10c1a testClass = DemoApplicationTests, locations = '{}', classes = '{class com.persons.finder.ApplicationStarter}', contextInitializerClasses = '[]', activeProfiles = '{}', propertySourceLocations = '{}', propertySourceProperties = '{org.springframework.boot.test.context.SpringBootTestContextBootstrapper=true}', contextCustomizers = set[org.springframework.boot.test.autoconfigure.actuate.metrics.MetricsExportContextCustomizerFactory$DisableMetricExportContextCustomizer@49c66ade, org.springframework.boot.test.autoconfigure.properties.PropertyMappingContextCustomizer@0, org.springframework.boot.test.autoconfigure.web.servlet.WebDriverContextCustomizerFactory$Customizer@15713d56, org.springframework.boot.test.context.filter.ExcludeFilterContextCustomizer@d41f816, org.springframework.boot.test.json.DuplicateJsonObjectContextCustomizerFactory$DuplicateJsonObjectContextCustomizer@3d9c13b5, org.springframework.boot.test.mock.mockito.MockitoContextCustomizer@0, org.springframework.boot.test.web.client.TestRestTemplateContextCustomizer@7a362b6b, org.springframework.boot.test.context.SpringBootTestArgs@1, org.springframework.boot.test.context.SpringBootTestWebEnvironment@5f8edcc5], resourceBasePath = 'src/main/webapp', contextLoader = 'org.springframework.boot.test.context.SpringBootContextLoader', parent = [null]], attributes = map['org.springframework.test.context.web.ServletTestExecutionListener.activateListener' -> true]], class annotated with @DirtiesContext [false] with mode [null].

  .   ____          _            __ _ _
 /\\ / ___'_ __ _ _(_)_ __  __ _ \ \ \ \
( ( )\___ | '_ | '_| | '_ \/ _` | \ \ \ \
 \\/  ___)| |_)| | | | | || (_| |  ) ) ) )
  '  |____| .__|_| |_|_| |_\__, | / / / /
 =========|_|==============|___/=/_/_/_/
 :: Spring Boot ::                (v2.7.0)

2023-11-11 17:33:56.631  INFO 25888 --- [    Test worker] com.persons.finder.DemoApplicationTests  : Starting DemoApplicationTests using Java 21.0.1 on Roamui-MacBookPro.local with PID 25888 (started by roamuser in /Users/roamuser/code/squareone-persons-finder)
2023-11-11 17:33:56.632  INFO 25888 --- [    Test worker] com.persons.finder.DemoApplicationTests  : No active profile set, falling back to 1 default profile: "default"
2023-11-11 17:33:57.110  INFO 25888 --- [    Test worker] .s.d.r.c.RepositoryConfigurationDelegate : Bootstrapping Spring Data JPA repositories in DEFAULT mode.
2023-11-11 17:33:57.168  INFO 25888 --- [    Test worker] .s.d.r.c.RepositoryConfigurationDelegate : Finished Spring Data repository scanning in 52 ms. Found 2 JPA repository interfaces.
2023-11-11 17:33:57.555  INFO 25888 --- [    Test worker] com.zaxxer.hikari.HikariDataSource       : HikariPool-1 - Starting...
2023-11-11 17:33:57.714  INFO 25888 --- [    Test worker] com.zaxxer.hikari.HikariDataSource       : HikariPool-1 - Start completed.
2023-11-11 17:33:57.771  INFO 25888 --- [    Test worker] o.hibernate.jpa.internal.util.LogHelper  : HHH000204: Processing PersistenceUnitInfo [name: default]
2023-11-11 17:33:57.823  INFO 25888 --- [    Test worker] org.hibernate.Version                    : HHH000412: Hibernate ORM core version 5.6.9.Final
2023-11-11 17:33:57.990  INFO 25888 --- [    Test worker] o.hibernate.annotations.common.Version   : HCANN000001: Hibernate Commons Annotations {5.1.2.Final}
2023-11-11 17:33:58.087  INFO 25888 --- [    Test worker] org.hibernate.dialect.Dialect            : HHH000400: Using dialect: org.hibernate.dialect.H2Dialect
2023-11-11 17:33:58.408  INFO 25888 --- [    Test worker] o.h.e.t.j.p.i.JtaPlatformInitiator       : HHH000490: Using JtaPlatform implementation: [org.hibernate.engine.transaction.jta.platform.internal.NoJtaPlatform]
2023-11-11 17:33:58.416  INFO 25888 --- [    Test worker] j.LocalContainerEntityManagerFactoryBean : Initialized JPA EntityManagerFactory for persistence unit 'default'
2023-11-11 17:33:59.256  WARN 25888 --- [    Test worker] JpaBaseConfiguration$JpaWebConfiguration : spring.jpa.open-in-view is enabled by default. Therefore, database queries may be performed during view rendering. Explicitly configure spring.jpa.open-in-view to disable this warning
2023-11-11 17:33:59.633  INFO 25888 --- [    Test worker] com.persons.finder.DemoApplicationTests  : Started DemoApplicationTests in 3.178 seconds (JVM running for 4.059)
]]></system-out>
  <system-err><![CDATA[]]></system-err>
</testsuite>
